========== JOB START ==========
SLURM_JOB_ID=47793040
START_UTC=2026-05-24T19:48:47Z
Lmod has detected the following error: These module(s) or extension(s) exist
but cannot be loaded as requested: "miniconda3"

   You encountered this error for one of the following reasons:
   1. Missing version specification: On Pitzer, you must specify an available
version.
   2. Missing required modules: Ensure you have loaded the appropriate compiler
and MPI modules.

   Try: "module spider miniconda3" to view available versions or required
modules.

   If you need further assistance, please contact oschelp@osc.edu with the
subject line "lmod error: miniconda3"



WARNING: module load miniconda3 failed; conda must already be available.

EnvironmentNameNotFound: Could not find conda environment: lora_diffusion_csce
You can list all discoverable environments with `conda info --envs`.


WARNING: conda activate lora_diffusion_csce failed; continuing with current python.
========== SYSTEM INFO ==========
p0229.ten.osc.edu
Sun May 24 03:48:49 PM EDT 2026
/users/PCS0229/imankhazrak/lora-diffusion-rank-tradeoffs/lora_diffusion_rank_tradeoff_csce2026
========== GPU INFO ==========
Sun May 24 15:48:49 2026       
+-----------------------------------------------------------------------------------------+
| NVIDIA-SMI 580.95.05              Driver Version: 580.95.05      CUDA Version: 13.0     |
+-----------------------------------------+------------------------+----------------------+
| GPU  Name                 Persistence-M | Bus-Id          Disp.A | Volatile Uncorr. ECC |
| Fan  Temp   Perf          Pwr:Usage/Cap |           Memory-Usage | GPU-Util  Compute M. |
|                                         |                        |               MIG M. |
|=========================================+========================+======================|
|   0  Tesla V100-PCIE-16GB           On  |   00000000:D8:00.0 Off |                  Off |
| N/A   32C    P0             26W /  250W |       0MiB /  16384MiB |      0%      Default |
|                                         |                        |                  N/A |
+-----------------------------------------+------------------------+----------------------+

+-----------------------------------------------------------------------------------------+
| Processes:                                                                              |
|  GPU   GI   CI              PID   Type   Process name                        GPU Memory |
|        ID   ID                                                               Usage      |
|=========================================================================================|
|  No running processes found                                                             |
+-----------------------------------------------------------------------------------------+
========== CUDA INFO ==========
nvcc: NVIDIA (R) Cuda compiler driver
Copyright (c) 2005-2024 NVIDIA Corporation
Built on Thu_Mar_28_02:18:24_PDT_2024
Cuda compilation tools, release 12.4, V12.4.131
Build cuda_12.4.r12.4/compiler.34097967_0
========== PYTORCH CUDA ==========
True
Tesla V100-PCIE-16GB
== Phase 1 DDPM smoke test ==
Project root: /users/PCS0229/imankhazrak/lora-diffusion-rank-tradeoffs/lora_diffusion_rank_tradeoff_csce2026
Timestamp (UTC): 2026-05-24T19:49:04Z
Hostname: p0229.ten.osc.edu
== nvidia-smi ==
Sun May 24 15:49:04 2026       
+-----------------------------------------------------------------------------------------+
| NVIDIA-SMI 580.95.05              Driver Version: 580.95.05      CUDA Version: 13.0     |
+-----------------------------------------+------------------------+----------------------+
| GPU  Name                 Persistence-M | Bus-Id          Disp.A | Volatile Uncorr. ECC |
| Fan  Temp   Perf          Pwr:Usage/Cap |           Memory-Usage | GPU-Util  Compute M. |
|                                         |                        |               MIG M. |
|=========================================+========================+======================|
|   0  Tesla V100-PCIE-16GB           On  |   00000000:D8:00.0 Off |                  Off |
| N/A   30C    P0             26W /  250W |       0MiB /  16384MiB |      0%      Default |
|                                         |                        |                  N/A |
+-----------------------------------------+------------------------+----------------------+

+-----------------------------------------------------------------------------------------+
| Processes:                                                                              |
|  GPU   GI   CI              PID   Type   Process name                        GPU Memory |
|        ID   ID                                                               Usage      |
|=========================================================================================|
|  No running processes found                                                             |
+-----------------------------------------------------------------------------------------+
== Environment check ==
Python version: 3.9.21 (main, Mar 12 2026, 00:00:00) 
Platform: Linux-5.14.0-570.103.1.el9_6.x86_64-x86_64-with-glibc2.34
torch version: 2.8.0+cu128
CUDA available: True
GPU name: Tesla V100-PCIE-16GB
diffusers version: 0.36.0
accelerate version: 1.10.1
datasets version: 4.5.0
Using batch size: 64
Using mixed precision: fp16
== Training command ==
accelerate launch /users/PCS0229/imankhazrak/lora-diffusion-rank-tradeoffs/lora_diffusion_rank_tradeoff_csce2026/scripts/official_train_unconditional.py --dataset_name cifar10 --resolution 32 --train_batch_size 64 --num_epochs 1 --learning_rate 1e-4 --output_dir /users/PCS0229/imankhazrak/lora-diffusion-rank-tradeoffs/lora_diffusion_rank_tradeoff_csce2026/outputs/smoke/ddpm_cifar10_smoke --save_images_epochs 1 --save_model_epochs 1 --mixed_precision fp16 --checkpointing_steps 1000 --logger tensorboard --seed 42 
The following values were not passed to `accelerate launch` and had defaults used instead:
	`--num_processes` was set to a value of `1`
	`--num_machines` was set to a value of `1`
	`--mixed_precision` was set to a value of `'no'`
	`--dynamo_backend` was set to a value of `'no'`
To avoid this warning pass in values for each of the problematic parameters or run `accelerate config`.
usage: official_train_unconditional.py [-h] [--dataset_name DATASET_NAME]
                                       [--dataset_config_name DATASET_CONFIG_NAME]
                                       [--model_config_name_or_path MODEL_CONFIG_NAME_OR_PATH]
                                       [--train_data_dir TRAIN_DATA_DIR]
                                       [--output_dir OUTPUT_DIR]
                                       [--overwrite_output_dir]
                                       [--cache_dir CACHE_DIR]
                                       [--resolution RESOLUTION]
                                       [--center_crop] [--random_flip]
                                       [--train_batch_size TRAIN_BATCH_SIZE]
                                       [--eval_batch_size EVAL_BATCH_SIZE]
                                       [--dataloader_num_workers DATALOADER_NUM_WORKERS]
                                       [--num_epochs NUM_EPOCHS]
                                       [--save_images_epochs SAVE_IMAGES_EPOCHS]
                                       [--save_model_epochs SAVE_MODEL_EPOCHS]
                                       [--gradient_accumulation_steps GRADIENT_ACCUMULATION_STEPS]
                                       [--learning_rate LEARNING_RATE]
                                       [--lr_scheduler LR_SCHEDULER]
                                       [--lr_warmup_steps LR_WARMUP_STEPS]
                                       [--adam_beta1 ADAM_BETA1]
                                       [--adam_beta2 ADAM_BETA2]
                                       [--adam_weight_decay ADAM_WEIGHT_DECAY]
                                       [--adam_epsilon ADAM_EPSILON]
                                       [--use_ema]
                                       [--ema_inv_gamma EMA_INV_GAMMA]
                                       [--ema_power EMA_POWER]
                                       [--ema_max_decay EMA_MAX_DECAY]
                                       [--push_to_hub] [--hub_token HUB_TOKEN]
                                       [--hub_model_id HUB_MODEL_ID]
                                       [--hub_private_repo]
                                       [--logger {tensorboard,wandb}]
                                       [--logging_dir LOGGING_DIR]
                                       [--local_rank LOCAL_RANK]
                                       [--mixed_precision {no,fp16,bf16}]
                                       [--prediction_type {epsilon,sample}]
                                       [--ddpm_num_steps DDPM_NUM_STEPS]
                                       [--ddpm_num_inference_steps DDPM_NUM_INFERENCE_STEPS]
                                       [--ddpm_beta_schedule DDPM_BETA_SCHEDULE]
                                       [--checkpointing_steps CHECKPOINTING_STEPS]
                                       [--checkpoints_total_limit CHECKPOINTS_TOTAL_LIMIT]
                                       [--resume_from_checkpoint RESUME_FROM_CHECKPOINT]
                                       [--enable_xformers_memory_efficient_attention]
                                       [--preserve_input_precision]
official_train_unconditional.py: error: unrecognized arguments: --seed 42
Traceback (most recent call last):
  File "/users/PCS0229/imankhazrak/.local/bin/accelerate", line 8, in <module>
    sys.exit(main())
  File "/users/PCS0229/imankhazrak/.local/lib/python3.9/site-packages/accelerate/commands/accelerate_cli.py", line 50, in main
    args.func(args)
  File "/users/PCS0229/imankhazrak/.local/lib/python3.9/site-packages/accelerate/commands/launch.py", line 1235, in launch_command
    simple_launcher(args)
  File "/users/PCS0229/imankhazrak/.local/lib/python3.9/site-packages/accelerate/commands/launch.py", line 823, in simple_launcher
    raise subprocess.CalledProcessError(returncode=process.returncode, cmd=cmd)
subprocess.CalledProcessError: Command '['/usr/bin/python', '/users/PCS0229/imankhazrak/lora-diffusion-rank-tradeoffs/lora_diffusion_rank_tradeoff_csce2026/scripts/official_train_unconditional.py', '--dataset_name', 'cifar10', '--resolution', '32', '--train_batch_size', '64', '--num_epochs', '1', '--learning_rate', '1e-4', '--output_dir', '/users/PCS0229/imankhazrak/lora-diffusion-rank-tradeoffs/lora_diffusion_rank_tradeoff_csce2026/outputs/smoke/ddpm_cifar10_smoke', '--save_images_epochs', '1', '--save_model_epochs', '1', '--mixed_precision', 'fp16', '--checkpointing_steps', '1000', '--logger', 'tensorboard', '--seed', '42']' returned non-zero exit status 2.
WARNING: Training exited with code 1. Continuing to validation/report.
== Post-training sample generation ==
Skipping sample generation because training did not complete.
== Validation ==
PASS: Output directory exists - /users/PCS0229/imankhazrak/lora-diffusion-rank-tradeoffs/lora_diffusion_rank_tradeoff_csce2026/outputs/smoke/ddpm_cifar10_smoke
FAIL: Generated samples directory exists - /users/PCS0229/imankhazrak/lora-diffusion-rank-tradeoffs/lora_diffusion_rank_tradeoff_csce2026/outputs/smoke/ddpm_cifar10_smoke/generated_samples
FAIL: At least one PNG sample exists - count=0
PASS: Checkpoint directory exists - found=['checkpoint-1000']
FAIL: UNet weights exist - /users/PCS0229/imankhazrak/lora-diffusion-rank-tradeoffs/lora_diffusion_rank_tradeoff_csce2026/outputs/smoke/ddpm_cifar10_smoke/unet/diffusion_pytorch_model.safetensors
FAIL: Scheduler config exists - /users/PCS0229/imankhazrak/lora-diffusion-rank-tradeoffs/lora_diffusion_rank_tradeoff_csce2026/outputs/smoke/ddpm_cifar10_smoke/scheduler/scheduler_config.json
PASS: TensorBoard logs exist - count=2 in /users/PCS0229/imankhazrak/lora-diffusion-rank-tradeoffs/lora_diffusion_rank_tradeoff_csce2026/outputs/smoke/ddpm_cifar10_smoke/logs
PASS: Smoke log exists - /users/PCS0229/imankhazrak/lora-diffusion-rank-tradeoffs/lora_diffusion_rank_tradeoff_csce2026/outputs/logs/phase1_smoke.log
PASS: No NaN in log - clean

VALIDATION RESULT: FAIL
Failure reasons:
- Generated samples directory exists: /users/PCS0229/imankhazrak/lora-diffusion-rank-tradeoffs/lora_diffusion_rank_tradeoff_csce2026/outputs/smoke/ddpm_cifar10_smoke/generated_samples
- At least one PNG sample exists: count=0
- UNet weights exist: /users/PCS0229/imankhazrak/lora-diffusion-rank-tradeoffs/lora_diffusion_rank_tradeoff_csce2026/outputs/smoke/ddpm_cifar10_smoke/unet/diffusion_pytorch_model.safetensors
- Scheduler config exists: /users/PCS0229/imankhazrak/lora-diffusion-rank-tradeoffs/lora_diffusion_rank_tradeoff_csce2026/outputs/smoke/ddpm_cifar10_smoke/scheduler/scheduler_config.json
Validation JSON written: /users/PCS0229/imankhazrak/lora-diffusion-rank-tradeoffs/lora_diffusion_rank_tradeoff_csce2026/outputs/logs/phase1_validation.json
== Writing run metadata ==
Wrote metadata: /users/PCS0229/imankhazrak/lora-diffusion-rank-tradeoffs/lora_diffusion_rank_tradeoff_csce2026/outputs/smoke/ddpm_cifar10_smoke/run_metadata.json
== Writing training metrics ==
Wrote metrics: /users/PCS0229/imankhazrak/lora-diffusion-rank-tradeoffs/lora_diffusion_rank_tradeoff_csce2026/outputs/logs/training_metrics.json
== Updating phase1 report ==
Wrote report: /users/PCS0229/imankhazrak/lora-diffusion-rank-tradeoffs/lora_diffusion_rank_tradeoff_csce2026/outputs/phase1_report.md

========== FINAL ACCEPTANCE CHECKLIST ==========
[PASS] CUDA available
[PASS] GPU detected
[PASS] CIFAR10 downloaded
[FAIL] DDPM training completed
[FAIL] Sample images generated
[PASS] Checkpoints saved
[FAIL] Validation passed
[PASS] Metadata exported
== Final status: FAIL ==
== Phase 1 smoke run complete ==
========== JOB END ==========
END_UTC=2026-05-24T19:50:12Z
ELAPSED_SECONDS=85
