[Tue May 26 21:07:52 2026] running mktexlsr
[Tue May 26 21:07:53 2026] success, output:
mktexlsr: /usr/share/texlive/texmf-config: directory not writable. Skipping...
mktexlsr: /usr/share/texlive/texmf-dist: directory not writable. Skipping...
mktexlsr: /usr/share/texlive/texmf-local//: directory not writable. Skipping...
mktexlsr: /usr/share/texlive/texmf-var: directory not writable. Skipping...
--end of output of mktexlsr.

[Tue May 26 21:08:12 2026] running mktexlsr
[Tue May 26 21:08:12 2026] success, output:
mktexlsr: /usr/share/texlive/texmf-config: directory not writable. Skipping...
mktexlsr: /usr/share/texlive/texmf-dist: directory not writable. Skipping...
mktexlsr: /usr/share/texlive/texmf-local//: directory not writable. Skipping...
mktexlsr: /usr/share/texlive/texmf-var: directory not writable. Skipping...
--end of output of mktexlsr.

[Tue May 26 21:08:26 2026] running mktexlsr
[Tue May 26 21:08:27 2026] success, output:
mktexlsr: /usr/share/texlive/texmf-config: directory not writable. Skipping...
mktexlsr: /usr/share/texlive/texmf-dist: directory not writable. Skipping...
mktexlsr: /usr/share/texlive/texmf-local//: directory not writable. Skipping...
mktexlsr: /usr/share/texlive/texmf-var: directory not writable. Skipping...
--end of output of mktexlsr.

[Tue May 26 21:08:37 2026] running mktexlsr
[Tue May 26 21:08:38 2026] success, output:
mktexlsr: /usr/share/texlive/texmf-config: directory not writable. Skipping...
mktexlsr: /usr/share/texlive/texmf-dist: directory not writable. Skipping...
mktexlsr: /usr/share/texlive/texmf-local//: directory not writable. Skipping...
mktexlsr: /usr/share/texlive/texmf-var: directory not writable. Skipping...
--end of output of mktexlsr.

